[2026-02-22 15:36:34] PDOException: SQLSTATE[42703]: Undefined column: 7 ERROR:  column "back_message" does not exist
LINE 8: ...   RETURNING id, user_id, title, meaning, status, back_messa...
                                                             ^ in /var/www/html/app/Core/Database.php:54
Stack trace:
#0 /var/www/html/app/Core/Database.php(54): PDOStatement->execute(Array)
#1 /var/www/html/app/Modules/Omamori/Repositories/OmamoriRepository.php(207): App\Core\Database->queryOne('UPDATE omamoris...', Array)
#2 /var/www/html/app/Modules/Omamori/Services/OmamoriService.php(274): App\Modules\Omamori\Repositories\OmamoriRepository->updateBackMessage(4, 5, 'aaaaaaaaaaaaaaa...')
#3 /var/www/html/app/Modules/Omamori/Controllers/OmamoriController.php(183): App\Modules\Omamori\Services\OmamoriService->updateBackMessage('eyJ0eXAiOiJKV1Q...', 5, Array)
#4 /var/www/html/routes/modules/omamori.php(44): App\Modules\Omamori\Controllers\OmamoriController->updateBackMessage(Object(App\Core\Request))
#5 /var/www/html/app/Core/Router.php(111): App\Core\Application->{closure}(Object(App\Core\Request))
#6 /var/www/html/app/Core/Router.php(100): App\Core\Router->handleRoute(Object(Closure), Object(App\Core\Request))
#7 /var/www/html/app/Core/Application.php(47): App\Core\Router->dispatch(Object(App\Core\Request))
#8 /var/www/html/public/index.php(7): App\Core\Application->run()
#9 {main}

[2026-02-22 15:39:15] RuntimeException: Update back message faild in /var/www/html/app/Modules/Omamori/Repositories/OmamoriRepository.php:209
Stack trace:
#0 /var/www/html/app/Modules/Omamori/Services/OmamoriService.php(274): App\Modules\Omamori\Repositories\OmamoriRepository->updateBackMessage(4, 5, 'aaaaaaaaaaaaaaa...')
#1 /var/www/html/app/Modules/Omamori/Controllers/OmamoriController.php(183): App\Modules\Omamori\Services\OmamoriService->updateBackMessage('eyJ0eXAiOiJKV1Q...', 5, Array)
#2 /var/www/html/routes/modules/omamori.php(44): App\Modules\Omamori\Controllers\OmamoriController->updateBackMessage(Object(App\Core\Request))
#3 /var/www/html/app/Core/Router.php(111): App\Core\Application->{closure}(Object(App\Core\Request))
#4 /var/www/html/app/Core/Router.php(100): App\Core\Router->handleRoute(Object(Closure), Object(App\Core\Request))
#5 /var/www/html/app/Core/Application.php(47): App\Core\Router->dispatch(Object(App\Core\Request))
#6 /var/www/html/public/index.php(7): App\Core\Application->run()
#7 {main}

[2026-02-22 15:44:55] RuntimeException: Omamori not found in /var/www/html/app/Modules/Omamori/Services/OmamoriService.php:90
Stack trace:
#0 /var/www/html/app/Modules/Omamori/Controllers/OmamoriController.php(74): App\Modules\Omamori\Services\OmamoriService->getOwnOmamoriById('eyJ0eXAiOiJKV1Q...', 10)
#1 /var/www/html/routes/modules/omamori.php(19): App\Modules\Omamori\Controllers\OmamoriController->show(Object(App\Core\Request))
#2 /var/www/html/app/Core/Router.php(111): App\Core\Application->{closure}(Object(App\Core\Request))
#3 /var/www/html/app/Core/Router.php(100): App\Core\Router->handleRoute(Object(Closure), Object(App\Core\Request))
#4 /var/www/html/app/Core/Application.php(47): App\Core\Router->dispatch(Object(App\Core\Request))
#5 /var/www/html/public/index.php(7): App\Core\Application->run()
#6 {main}

[2026-02-22 15:48:55] RuntimeException: Update back message faild in /var/www/html/app/Modules/Omamori/Repositories/OmamoriRepository.php:208
Stack trace:
#0 /var/www/html/app/Modules/Omamori/Services/OmamoriService.php(275): App\Modules\Omamori\Repositories\OmamoriRepository->updateBackMessage(4, 7, 'aaaaaaaaaaaaaaa...')
#1 /var/www/html/app/Modules/Omamori/Controllers/OmamoriController.php(183): App\Modules\Omamori\Services\OmamoriService->updateBackMessage('eyJ0eXAiOiJKV1Q...', 7, Array)
#2 /var/www/html/routes/modules/omamori.php(44): App\Modules\Omamori\Controllers\OmamoriController->updateBackMessage(Object(App\Core\Request))
#3 /var/www/html/app/Core/Router.php(111): App\Core\Application->{closure}(Object(App\Core\Request))
#4 /var/www/html/app/Core/Router.php(100): App\Core\Router->handleRoute(Object(Closure), Object(App\Core\Request))
#5 /var/www/html/app/Core/Application.php(47): App\Core\Router->dispatch(Object(App\Core\Request))
#6 /var/www/html/public/index.php(7): App\Core\Application->run()
#7 {main}

