[2026-02-09 21:43:38] ParseError: syntax error, unexpected identifier "pablic", expecting "function" in /var/www/html/app/Modules/User/Controllers/UserController.php:17
Stack trace:
#0 /var/www/html/vendor/composer/ClassLoader.php(427): Composer\Autoload\{closure}('/var/www/html/v...')
#1 [internal function]: Composer\Autoload\ClassLoader->loadClass('App\\Modules\\Use...')
#2 /var/www/html/app/Core/Router.php(118): class_exists('App\\Modules\\Use...')
#3 /var/www/html/app/Core/Router.php(100): App\Core\Router->handleRoute('App\\Modules\\Use...', Object(App\Core\Request))
#4 /var/www/html/app/Core/Application.php(47): App\Core\Router->dispatch(Object(App\Core\Request))
#5 /var/www/html/public/index.php(7): App\Core\Application->run()
#6 {main}

[2026-02-09 21:45:33] ParseError: syntax error, unexpected token "}", expecting ";" in /var/www/html/app/Modules/User/Controllers/UserController.php:36
Stack trace:
#0 /var/www/html/vendor/composer/ClassLoader.php(427): Composer\Autoload\{closure}('/var/www/html/v...')
#1 [internal function]: Composer\Autoload\ClassLoader->loadClass('App\\Modules\\Use...')
#2 /var/www/html/app/Core/Router.php(118): class_exists('App\\Modules\\Use...')
#3 /var/www/html/app/Core/Router.php(100): App\Core\Router->handleRoute('App\\Modules\\Use...', Object(App\Core\Request))
#4 /var/www/html/app/Core/Application.php(47): App\Core\Router->dispatch(Object(App\Core\Request))
#5 /var/www/html/public/index.php(7): App\Core\Application->run()
#6 {main}

[2026-02-09 21:46:10] ParseError: syntax error, unexpected token "}", expecting ";" in /var/www/html/app/Modules/User/Controllers/UserController.php:36
Stack trace:
#0 /var/www/html/vendor/composer/ClassLoader.php(427): Composer\Autoload\{closure}('/var/www/html/v...')
#1 [internal function]: Composer\Autoload\ClassLoader->loadClass('App\\Modules\\Use...')
#2 /var/www/html/app/Core/Router.php(118): class_exists('App\\Modules\\Use...')
#3 /var/www/html/app/Core/Router.php(100): App\Core\Router->handleRoute('App\\Modules\\Use...', Object(App\Core\Request))
#4 /var/www/html/app/Core/Application.php(47): App\Core\Router->dispatch(Object(App\Core\Request))
#5 /var/www/html/public/index.php(7): App\Core\Application->run()
#6 {main}

[2026-02-09 21:48:37] Error: Class "App\Modules\User\Repositories\UserRepository" not found in /var/www/html/app/Modules/User/Services/UserService.php:16
Stack trace:
#0 /var/www/html/app/Modules/User/Controllers/UserController.php(18): App\Modules\User\Services\UserService->__construct()
#1 /var/www/html/app/Core/Router.php(122): App\Modules\User\Controllers\UserController->__construct()
#2 /var/www/html/app/Core/Router.php(100): App\Core\Router->handleRoute('App\\Modules\\Use...', Object(App\Core\Request))
#3 /var/www/html/app/Core/Application.php(47): App\Core\Router->dispatch(Object(App\Core\Request))
#4 /var/www/html/public/index.php(7): App\Core\Application->run()
#5 {main}

[2026-02-09 21:54:20] Error: Class "App\Modules\User\Repositories\UserRepository" not found in /var/www/html/app/Modules/User/Services/UserService.php:16
Stack trace:
#0 /var/www/html/app/Modules/User/Controllers/UserController.php(18): App\Modules\User\Services\UserService->__construct()
#1 /var/www/html/app/Core/Router.php(122): App\Modules\User\Controllers\UserController->__construct()
#2 /var/www/html/app/Core/Router.php(100): App\Core\Router->handleRoute('App\\Modules\\Use...', Object(App\Core\Request))
#3 /var/www/html/app/Core/Application.php(47): App\Core\Router->dispatch(Object(App\Core\Request))
#4 /var/www/html/public/index.php(7): App\Core\Application->run()
#5 {main}

[2026-02-09 21:59:27] TypeError: App\Modules\User\Repositories\UserRepository::__construct(): Argument #1 ($db) must be of type App\Modules\User\Repositories\Database, App\Core\Database given, called in /var/www/html/app/Modules/User/Services/UserService.php on line 16 in /var/www/html/app/Modules/User/Repositories/UserRepository.php:14
Stack trace:
#0 /var/www/html/app/Modules/User/Services/UserService.php(16): App\Modules\User\Repositories\UserRepository->__construct(Object(App\Core\Database))
#1 /var/www/html/app/Modules/User/Controllers/UserController.php(18): App\Modules\User\Services\UserService->__construct()
#2 /var/www/html/app/Core/Router.php(122): App\Modules\User\Controllers\UserController->__construct()
#3 /var/www/html/app/Core/Router.php(100): App\Core\Router->handleRoute('App\\Modules\\Use...', Object(App\Core\Request))
#4 /var/www/html/app/Core/Application.php(47): App\Core\Router->dispatch(Object(App\Core\Request))
#5 /var/www/html/public/index.php(7): App\Core\Application->run()
#6 {main}

