[2026-02-20 13:27:20] Firebase\JWT\ExpiredException: Expired token in /var/www/html/vendor/firebase/php-jwt/src/JWT.php:188
Stack trace:
#0 /var/www/html/app/Modules/Auth/Services/AuthService.php(23): Firebase\JWT\JWT::decode('eyJ0eXAiOiJKV1Q...', Object(SensitiveParameterValue))
#1 /var/www/html/app/Modules/Omamori/Services/OmamoriService.php(137): App\Modules\Auth\Services\AuthService->verifyAndGetUserId('eyJ0eXAiOiJKV1Q...')
#2 /var/www/html/app/Modules/Omamori/Controllers/OmamoriController.php(95): App\Modules\Omamori\Services\OmamoriService->getList('eyJ0eXAiOiJKV1Q...', 1, 10, 'published', 'latest')
#3 /var/www/html/routes/modules/omamori.php(24): App\Modules\Omamori\Controllers\OmamoriController->index(Object(App\Core\Request))
#4 /var/www/html/app/Core/Router.php(111): App\Core\Application->{closure}(Object(App\Core\Request))
#5 /var/www/html/app/Core/Router.php(100): App\Core\Router->handleRoute(Object(Closure), Object(App\Core\Request))
#6 /var/www/html/app/Core/Application.php(47): App\Core\Router->dispatch(Object(App\Core\Request))
#7 /var/www/html/public/index.php(7): App\Core\Application->run()
#8 {main}

[2026-02-20 13:33:43] InvalidArgumentException: Invalid sort in /var/www/html/app/Modules/Omamori/Services/OmamoriService.php:130
Stack trace:
#0 /var/www/html/app/Modules/Omamori/Controllers/OmamoriController.php(95): App\Modules\Omamori\Services\OmamoriService->getList('eyJ0eXAiOiJKV1Q...', 1, 10, NULL, 'olrdet')
#1 /var/www/html/routes/modules/omamori.php(24): App\Modules\Omamori\Controllers\OmamoriController->index(Object(App\Core\Request))
#2 /var/www/html/app/Core/Router.php(111): App\Core\Application->{closure}(Object(App\Core\Request))
#3 /var/www/html/app/Core/Router.php(100): App\Core\Router->handleRoute(Object(Closure), Object(App\Core\Request))
#4 /var/www/html/app/Core/Application.php(47): App\Core\Router->dispatch(Object(App\Core\Request))
#5 /var/www/html/public/index.php(7): App\Core\Application->run()
#6 {main}

[2026-02-20 14:09:51] InvalidArgumentException: Invalid sort in /var/www/html/app/Modules/Omamori/Services/OmamoriService.php:130
Stack trace:
#0 /var/www/html/app/Modules/Omamori/Controllers/OmamoriController.php(95): App\Modules\Omamori\Services\OmamoriService->getList('eyJ0eXAiOiJKV1Q...', 1, 1, NULL, 'aaa')
#1 /var/www/html/routes/modules/omamori.php(24): App\Modules\Omamori\Controllers\OmamoriController->index(Object(App\Core\Request))
#2 /var/www/html/app/Core/Router.php(111): App\Core\Application->{closure}(Object(App\Core\Request))
#3 /var/www/html/app/Core/Router.php(100): App\Core\Router->handleRoute(Object(Closure), Object(App\Core\Request))
#4 /var/www/html/app/Core/Application.php(47): App\Core\Router->dispatch(Object(App\Core\Request))
#5 /var/www/html/public/index.php(7): App\Core\Application->run()
#6 {main}

