[2026-02-17 12:27:59] Firebase\JWT\ExpiredException: Expired token in /var/www/html/vendor/firebase/php-jwt/src/JWT.php:188
Stack trace:
#0 /var/www/html/app/Modules/Auth/Services/AuthService.php(23): Firebase\JWT\JWT::decode('eyJ0eXAiOiJKV1Q...', Object(SensitiveParameterValue))
#1 /var/www/html/app/Modules/User/Controllers/UserController.php(135): App\Modules\Auth\Services\AuthService->verifyAndGetUserId('eyJ0eXAiOiJKV1Q...')
#2 /var/www/html/app/Core/Router.php(128): App\Modules\User\Controllers\UserController->updateMe(Object(App\Core\Request))
#3 /var/www/html/app/Core/Router.php(100): App\Core\Router->handleRoute('App\\Modules\\Use...', Object(App\Core\Request))
#4 /var/www/html/app/Core/Application.php(47): App\Core\Router->dispatch(Object(App\Core\Request))
#5 /var/www/html/public/index.php(7): App\Core\Application->run()
#6 {main}

[2026-02-17 13:37:59] PDOException: SQLSTATE[23505]: Unique violation: 7 ERROR:  duplicate key value violates unique constraint "users_email_key"
DETAIL:  Key (email)=(user2@omamori.com) already exists. in /var/www/html/app/Core/Database.php:54
Stack trace:
#0 /var/www/html/app/Core/Database.php(54): PDOStatement->execute(Array)
#1 /var/www/html/app/Common/Base/BaseRepository.php(133): App\Core\Database->queryOne('INSERT INTO use...', Array)
#2 /var/www/html/app/Modules/User/Services/UserService.php(37): App\Common\Base\BaseRepository->create(Array)
#3 /var/www/html/app/Modules/Auth/Controllers/AuthController.php(32): App\Modules\User\Services\UserService->createUser(Array)
#4 /var/www/html/app/Core/Router.php(128): App\Modules\Auth\Controllers\AuthController->register(Object(App\Core\Request))
#5 /var/www/html/app/Core/Router.php(100): App\Core\Router->handleRoute('App\\Modules\\Aut...', Object(App\Core\Request))
#6 /var/www/html/app/Core/Application.php(47): App\Core\Router->dispatch(Object(App\Core\Request))
#7 /var/www/html/public/index.php(7): App\Core\Application->run()
#8 {main}

[2026-02-17 21:04:54] PDOException: SQLSTATE[42P01]: Undefined table: 7 ERROR:  relation "omamoris" does not exist
LINE 1: INSERT INTO omamoris(user_id, title, create_at, update_at)
                    ^ in /var/www/html/app/Core/Database.php:63
Stack trace:
#0 /var/www/html/app/Core/Database.php(63): PDOStatement->execute(Array)
#1 /var/www/html/app/Modules/Omamori/Repositories/OmamoriRepository.php(31): App\Core\Database->execute('INSERT INTO oma...', Array)
#2 /var/www/html/app/Modules/Omamori/Services/OmamoriServise.php(52): App\Modules\Omamori\Repositories\OmamoriRepository->insertDraft(4, '\xED\x94\x84\xEB\xA0\x88\xEC\x9E\x84 \xEC\x97\x86\xEB\x8A...', NULL)
#3 /var/www/html/app/Modules/Omamori/Controllers/OmamoriController.php(29): App\Modules\Omamori\Services\OmamoriServise->createOmamori('eyJ0eXAiOiJKV1Q...', Array)
#4 /var/www/html/routes/modules/omamori.php(9): App\Modules\Omamori\Controllers\OmamoriController->store(Object(App\Core\Request))
#5 /var/www/html/app/Core/Router.php(111): App\Core\Application->{closure}(Object(App\Core\Request))
#6 /var/www/html/app/Core/Router.php(100): App\Core\Router->handleRoute(Object(Closure), Object(App\Core\Request))
#7 /var/www/html/app/Core/Application.php(47): App\Core\Router->dispatch(Object(App\Core\Request))
#8 /var/www/html/public/index.php(7): App\Core\Application->run()
#9 {main}

[2026-02-17 21:13:59] PDOException: SQLSTATE[42703]: Undefined column: 7 ERROR:  column "create_at" of relation "omamoris" does not exist
LINE 1: INSERT INTO omamoris(user_id, title, create_at, update_at)
                                             ^ in /var/www/html/app/Core/Database.php:63
Stack trace:
#0 /var/www/html/app/Core/Database.php(63): PDOStatement->execute(Array)
#1 /var/www/html/app/Modules/Omamori/Repositories/OmamoriRepository.php(31): App\Core\Database->execute('INSERT INTO oma...', Array)
#2 /var/www/html/app/Modules/Omamori/Services/OmamoriServise.php(52): App\Modules\Omamori\Repositories\OmamoriRepository->insertDraft(4, '\xED\x94\x84\xEB\xA0\x88\xEC\x9E\x84 \xEC\x97\x86\xEB\x8A...', NULL)
#3 /var/www/html/app/Modules/Omamori/Controllers/OmamoriController.php(29): App\Modules\Omamori\Services\OmamoriServise->createOmamori('eyJ0eXAiOiJKV1Q...', Array)
#4 /var/www/html/routes/modules/omamori.php(9): App\Modules\Omamori\Controllers\OmamoriController->store(Object(App\Core\Request))
#5 /var/www/html/app/Core/Router.php(111): App\Core\Application->{closure}(Object(App\Core\Request))
#6 /var/www/html/app/Core/Router.php(100): App\Core\Router->handleRoute(Object(Closure), Object(App\Core\Request))
#7 /var/www/html/app/Core/Application.php(47): App\Core\Router->dispatch(Object(App\Core\Request))
#8 /var/www/html/public/index.php(7): App\Core\Application->run()
#9 {main}

[2026-02-17 21:16:35] PDOException: SQLSTATE[42703]: Undefined column: 7 ERROR:  column "update_at" of relation "omamoris" does not exist
LINE 1: INSERT INTO omamoris(user_id, title, created_at, update_at)
                                                         ^ in /var/www/html/app/Core/Database.php:63
Stack trace:
#0 /var/www/html/app/Core/Database.php(63): PDOStatement->execute(Array)
#1 /var/www/html/app/Modules/Omamori/Repositories/OmamoriRepository.php(31): App\Core\Database->execute('INSERT INTO oma...', Array)
#2 /var/www/html/app/Modules/Omamori/Services/OmamoriServise.php(52): App\Modules\Omamori\Repositories\OmamoriRepository->insertDraft(4, '\xED\x94\x84\xEB\xA0\x88\xEC\x9E\x84 \xEC\x97\x86\xEB\x8A...', NULL)
#3 /var/www/html/app/Modules/Omamori/Controllers/OmamoriController.php(29): App\Modules\Omamori\Services\OmamoriServise->createOmamori('eyJ0eXAiOiJKV1Q...', Array)
#4 /var/www/html/routes/modules/omamori.php(9): App\Modules\Omamori\Controllers\OmamoriController->store(Object(App\Core\Request))
#5 /var/www/html/app/Core/Router.php(111): App\Core\Application->{closure}(Object(App\Core\Request))
#6 /var/www/html/app/Core/Router.php(100): App\Core\Router->handleRoute(Object(Closure), Object(App\Core\Request))
#7 /var/www/html/app/Core/Application.php(47): App\Core\Router->dispatch(Object(App\Core\Request))
#8 /var/www/html/public/index.php(7): App\Core\Application->run()
#9 {main}

[2026-02-17 21:17:02] PDOException: SQLSTATE[42601]: Syntax error: 7 ERROR:  INSERT has more expressions than target columns
LINE 2:                 VALUES($1, $2, $3, 'draft', NOW(), NOW())
                                                    ^ in /var/www/html/app/Core/Database.php:63
Stack trace:
#0 /var/www/html/app/Core/Database.php(63): PDOStatement->execute(Array)
#1 /var/www/html/app/Modules/Omamori/Repositories/OmamoriRepository.php(31): App\Core\Database->execute('INSERT INTO oma...', Array)
#2 /var/www/html/app/Modules/Omamori/Services/OmamoriServise.php(52): App\Modules\Omamori\Repositories\OmamoriRepository->insertDraft(4, '\xED\x94\x84\xEB\xA0\x88\xEC\x9E\x84 \xEC\x97\x86\xEB\x8A...', NULL)
#3 /var/www/html/app/Modules/Omamori/Controllers/OmamoriController.php(29): App\Modules\Omamori\Services\OmamoriServise->createOmamori('eyJ0eXAiOiJKV1Q...', Array)
#4 /var/www/html/routes/modules/omamori.php(9): App\Modules\Omamori\Controllers\OmamoriController->store(Object(App\Core\Request))
#5 /var/www/html/app/Core/Router.php(111): App\Core\Application->{closure}(Object(App\Core\Request))
#6 /var/www/html/app/Core/Router.php(100): App\Core\Router->handleRoute(Object(Closure), Object(App\Core\Request))
#7 /var/www/html/app/Core/Application.php(47): App\Core\Router->dispatch(Object(App\Core\Request))
#8 /var/www/html/public/index.php(7): App\Core\Application->run()
#9 {main}

[2026-02-17 23:31:42] PDOException: SQLSTATE[42601]: Syntax error: 7 ERROR:  syntax error at or near ")"
LINE 16:                 )
                         ^ in /var/www/html/app/Core/Database.php:54
Stack trace:
#0 /var/www/html/app/Core/Database.php(54): PDOStatement->execute(Array)
#1 /var/www/html/app/Modules/Omamori/Repositories/OmamoriRepository.php(77): App\Core\Database->queryOne('INSERT INTO oma...', Array)
#2 /var/www/html/app/Modules/Omamori/Services/OmamoriService.php(69): App\Modules\Omamori\Repositories\OmamoriRepository->duplicateById(4, 7)
#3 /var/www/html/app/Modules/Omamori/Controllers/OmamoriController.php(52): App\Modules\Omamori\Services\OmamoriService->duplicateOmamori('eyJ0eXAiOiJKV1Q...', 7)
#4 /var/www/html/routes/modules/omamori.php(14): App\Modules\Omamori\Controllers\OmamoriController->duplicate(Object(App\Core\Request))
#5 /var/www/html/app/Core/Router.php(111): App\Core\Application->{closure}(Object(App\Core\Request))
#6 /var/www/html/app/Core/Router.php(100): App\Core\Router->handleRoute(Object(Closure), Object(App\Core\Request))
#7 /var/www/html/app/Core/Application.php(47): App\Core\Router->dispatch(Object(App\Core\Request))
#8 /var/www/html/public/index.php(7): App\Core\Application->run()
#9 {main}

[2026-02-17 23:32:50] PDOException: SQLSTATE[42703]: Undefined column: 7 ERROR:  column "theme" of relation "omamoris" does not exist
LINE 6:                     theme,
                            ^ in /var/www/html/app/Core/Database.php:54
Stack trace:
#0 /var/www/html/app/Core/Database.php(54): PDOStatement->execute(Array)
#1 /var/www/html/app/Modules/Omamori/Repositories/OmamoriRepository.php(77): App\Core\Database->queryOne('INSERT INTO oma...', Array)
#2 /var/www/html/app/Modules/Omamori/Services/OmamoriService.php(69): App\Modules\Omamori\Repositories\OmamoriRepository->duplicateById(4, 7)
#3 /var/www/html/app/Modules/Omamori/Controllers/OmamoriController.php(52): App\Modules\Omamori\Services\OmamoriService->duplicateOmamori('eyJ0eXAiOiJKV1Q...', 7)
#4 /var/www/html/routes/modules/omamori.php(14): App\Modules\Omamori\Controllers\OmamoriController->duplicate(Object(App\Core\Request))
#5 /var/www/html/app/Core/Router.php(111): App\Core\Application->{closure}(Object(App\Core\Request))
#6 /var/www/html/app/Core/Router.php(100): App\Core\Router->handleRoute(Object(Closure), Object(App\Core\Request))
#7 /var/www/html/app/Core/Application.php(47): App\Core\Router->dispatch(Object(App\Core\Request))
#8 /var/www/html/public/index.php(7): App\Core\Application->run()
#9 {main}

[2026-02-17 23:38:03] RuntimeException: Omamori not found or not allowed in /var/www/html/app/Modules/Omamori/Repositories/OmamoriRepository.php:66
Stack trace:
#0 /var/www/html/app/Modules/Omamori/Services/OmamoriService.php(69): App\Modules\Omamori\Repositories\OmamoriRepository->duplicateById(4, 7)
#1 /var/www/html/app/Modules/Omamori/Controllers/OmamoriController.php(52): App\Modules\Omamori\Services\OmamoriService->duplicateOmamori('eyJ0eXAiOiJKV1Q...', 7)
#2 /var/www/html/routes/modules/omamori.php(14): App\Modules\Omamori\Controllers\OmamoriController->duplicate(Object(App\Core\Request))
#3 /var/www/html/app/Core/Router.php(111): App\Core\Application->{closure}(Object(App\Core\Request))
#4 /var/www/html/app/Core/Router.php(100): App\Core\Router->handleRoute(Object(Closure), Object(App\Core\Request))
#5 /var/www/html/app/Core/Application.php(47): App\Core\Router->dispatch(Object(App\Core\Request))
#6 /var/www/html/public/index.php(7): App\Core\Application->run()
#7 {main}

