[2026-02-23 16:14:47] Error: Class "App\Modules\Omamori\Controllers\OmamoriElementController" not found in /var/www/html/routes/modules/omamori.php:50
Stack trace:
#0 /var/www/html/app/Core/Router.php(111): App\Core\Application->{closure}(Object(App\Core\Request))
#1 /var/www/html/app/Core/Router.php(100): App\Core\Router->handleRoute(Object(Closure), Object(App\Core\Request))
#2 /var/www/html/app/Core/Application.php(47): App\Core\Router->dispatch(Object(App\Core\Request))
#3 /var/www/html/public/index.php(7): App\Core\Application->run()
#4 {main}

[2026-02-23 16:22:05] InvalidArgumentException: Invalid input in /var/www/html/app/Modules/Omamori/Services/OmamoriElementService.php:39
Stack trace:
#0 /var/www/html/app/Modules/Omamori/Controllers/OmamoriElementController.php(37): App\Modules\Omamori\Services\OmamoriElementService->createElement('eyJ0eXAiOiJKV1Q...', 5, Array)
#1 /var/www/html/routes/modules/omamori.php(50): App\Modules\Omamori\Controllers\OmamoriElementController->store(Object(App\Core\Request))
#2 /var/www/html/app/Core/Router.php(111): App\Core\Application->{closure}(Object(App\Core\Request))
#3 /var/www/html/app/Core/Router.php(100): App\Core\Router->handleRoute(Object(Closure), Object(App\Core\Request))
#4 /var/www/html/app/Core/Application.php(47): App\Core\Router->dispatch(Object(App\Core\Request))
#5 /var/www/html/public/index.php(7): App\Core\Application->run()
#6 {main}

[2026-02-23 16:26:27] PDOException: SQLSTATE[42703]: Undefined column: 7 ERROR:  column "omamoriid" of relation "omamori_elements" does not exist
LINE 2:                     (omamoriId, type, layer, props, transfor...
                             ^ in /var/www/html/app/Core/Database.php:46
Stack trace:
#0 /var/www/html/app/Core/Database.php(46): PDOStatement->execute(Array)
#1 /var/www/html/app/Modules/Omamori/Repositories/OmamoriElementRepository.php(30): App\Core\Database->query('INSERT INTO oma...', Array)
#2 /var/www/html/app/Modules/Omamori/Services/OmamoriElementService.php(53): App\Modules\Omamori\Repositories\OmamoriElementRepository->insert(5, 'text', 1, Array, Array)
#3 /var/www/html/app/Modules/Omamori/Controllers/OmamoriElementController.php(37): App\Modules\Omamori\Services\OmamoriElementService->createElement('eyJ0eXAiOiJKV1Q...', 5, Array)
#4 /var/www/html/routes/modules/omamori.php(50): App\Modules\Omamori\Controllers\OmamoriElementController->store(Object(App\Core\Request))
#5 /var/www/html/app/Core/Router.php(111): App\Core\Application->{closure}(Object(App\Core\Request))
#6 /var/www/html/app/Core/Router.php(100): App\Core\Router->handleRoute(Object(Closure), Object(App\Core\Request))
#7 /var/www/html/app/Core/Application.php(47): App\Core\Router->dispatch(Object(App\Core\Request))
#8 /var/www/html/public/index.php(7): App\Core\Application->run()
#9 {main}

[2026-02-23 17:18:24] Firebase\JWT\ExpiredException: Expired token in /var/www/html/vendor/firebase/php-jwt/src/JWT.php:188
Stack trace:
#0 /var/www/html/app/Modules/Auth/Services/AuthService.php(23): Firebase\JWT\JWT::decode('eyJ0eXAiOiJKV1Q...', Object(SensitiveParameterValue))
#1 /var/www/html/app/Modules/Omamori/Services/OmamoriElementService.php(32): App\Modules\Auth\Services\AuthService->verifyAndGetUserId('eyJ0eXAiOiJKV1Q...')
#2 /var/www/html/app/Modules/Omamori/Controllers/OmamoriElementController.php(37): App\Modules\Omamori\Services\OmamoriElementService->createElement('eyJ0eXAiOiJKV1Q...', 5, Array)
#3 /var/www/html/routes/modules/omamori.php(50): App\Modules\Omamori\Controllers\OmamoriElementController->store(Object(App\Core\Request))
#4 /var/www/html/app/Core/Router.php(111): App\Core\Application->{closure}(Object(App\Core\Request))
#5 /var/www/html/app/Core/Router.php(100): App\Core\Router->handleRoute(Object(Closure), Object(App\Core\Request))
#6 /var/www/html/app/Core/Application.php(47): App\Core\Router->dispatch(Object(App\Core\Request))
#7 /var/www/html/public/index.php(7): App\Core\Application->run()
#8 {main}

[2026-02-23 17:18:55] InvalidArgumentException: Invalid input in /var/www/html/app/Modules/Omamori/Services/OmamoriElementService.php:42
Stack trace:
#0 /var/www/html/app/Modules/Omamori/Controllers/OmamoriElementController.php(37): App\Modules\Omamori\Services\OmamoriElementService->createElement('eyJ0eXAiOiJKV1Q...', 5, Array)
#1 /var/www/html/routes/modules/omamori.php(50): App\Modules\Omamori\Controllers\OmamoriElementController->store(Object(App\Core\Request))
#2 /var/www/html/app/Core/Router.php(111): App\Core\Application->{closure}(Object(App\Core\Request))
#3 /var/www/html/app/Core/Router.php(100): App\Core\Router->handleRoute(Object(Closure), Object(App\Core\Request))
#4 /var/www/html/app/Core/Application.php(47): App\Core\Router->dispatch(Object(App\Core\Request))
#5 /var/www/html/public/index.php(7): App\Core\Application->run()
#6 {main}

[2026-02-23 20:28:51] RuntimeException: Omamori not found or not allowed in /var/www/html/app/Modules/Element/Services/ElementService.php:37
Stack trace:
#0 /var/www/html/app/Modules/Element/Controllers/ElementController.php(37): App\Modules\Element\Services\ElementService->createElement('eyJ0eXAiOiJKV1Q...', 7, Array)
#1 /var/www/html/routes/modules/omamori.php(50): App\Modules\Element\Controllers\ElementController->store(Object(App\Core\Request))
#2 /var/www/html/app/Core/Router.php(111): App\Core\Application->{closure}(Object(App\Core\Request))
#3 /var/www/html/app/Core/Router.php(100): App\Core\Router->handleRoute(Object(Closure), Object(App\Core\Request))
#4 /var/www/html/app/Core/Application.php(47): App\Core\Router->dispatch(Object(App\Core\Request))
#5 /var/www/html/public/index.php(7): App\Core\Application->run()
#6 {main}

[2026-02-23 20:28:59] InvalidArgumentException: Invalid input in /var/www/html/app/Modules/Element/Services/ElementService.php:42
Stack trace:
#0 /var/www/html/app/Modules/Element/Controllers/ElementController.php(37): App\Modules\Element\Services\ElementService->createElement('eyJ0eXAiOiJKV1Q...', 5, Array)
#1 /var/www/html/routes/modules/omamori.php(50): App\Modules\Element\Controllers\ElementController->store(Object(App\Core\Request))
#2 /var/www/html/app/Core/Router.php(111): App\Core\Application->{closure}(Object(App\Core\Request))
#3 /var/www/html/app/Core/Router.php(100): App\Core\Router->handleRoute(Object(Closure), Object(App\Core\Request))
#4 /var/www/html/app/Core/Application.php(47): App\Core\Router->dispatch(Object(App\Core\Request))
#5 /var/www/html/public/index.php(7): App\Core\Application->run()
#6 {main}

[2026-02-23 20:29:22] InvalidArgumentException: Invalid input in /var/www/html/app/Modules/Element/Services/ElementService.php:42
Stack trace:
#0 /var/www/html/app/Modules/Element/Controllers/ElementController.php(37): App\Modules\Element\Services\ElementService->createElement('eyJ0eXAiOiJKV1Q...', 4, Array)
#1 /var/www/html/routes/modules/omamori.php(50): App\Modules\Element\Controllers\ElementController->store(Object(App\Core\Request))
#2 /var/www/html/app/Core/Router.php(111): App\Core\Application->{closure}(Object(App\Core\Request))
#3 /var/www/html/app/Core/Router.php(100): App\Core\Router->handleRoute(Object(Closure), Object(App\Core\Request))
#4 /var/www/html/app/Core/Application.php(47): App\Core\Router->dispatch(Object(App\Core\Request))
#5 /var/www/html/public/index.php(7): App\Core\Application->run()
#6 {main}

[2026-02-23 20:29:58] InvalidArgumentException: Invalid input in /var/www/html/app/Modules/Element/Services/ElementService.php:42
Stack trace:
#0 /var/www/html/app/Modules/Element/Controllers/ElementController.php(37): App\Modules\Element\Services\ElementService->createElement('eyJ0eXAiOiJKV1Q...', 1, Array)
#1 /var/www/html/routes/modules/omamori.php(50): App\Modules\Element\Controllers\ElementController->store(Object(App\Core\Request))
#2 /var/www/html/app/Core/Router.php(111): App\Core\Application->{closure}(Object(App\Core\Request))
#3 /var/www/html/app/Core/Router.php(100): App\Core\Router->handleRoute(Object(Closure), Object(App\Core\Request))
#4 /var/www/html/app/Core/Application.php(47): App\Core\Router->dispatch(Object(App\Core\Request))
#5 /var/www/html/public/index.php(7): App\Core\Application->run()
#6 {main}

[2026-02-23 20:30:50] InvalidArgumentException: Invalid input in /var/www/html/app/Modules/Element/Services/ElementService.php:42
Stack trace:
#0 /var/www/html/app/Modules/Element/Controllers/ElementController.php(37): App\Modules\Element\Services\ElementService->createElement('eyJ0eXAiOiJKV1Q...', 5, Array)
#1 /var/www/html/routes/modules/omamori.php(50): App\Modules\Element\Controllers\ElementController->store(Object(App\Core\Request))
#2 /var/www/html/app/Core/Router.php(111): App\Core\Application->{closure}(Object(App\Core\Request))
#3 /var/www/html/app/Core/Router.php(100): App\Core\Router->handleRoute(Object(Closure), Object(App\Core\Request))
#4 /var/www/html/app/Core/Application.php(47): App\Core\Router->dispatch(Object(App\Core\Request))
#5 /var/www/html/public/index.php(7): App\Core\Application->run()
#6 {main}

[2026-02-23 20:31:22] InvalidArgumentException: Invalid input in /var/www/html/app/Modules/Element/Services/ElementService.php:42
Stack trace:
#0 /var/www/html/app/Modules/Element/Controllers/ElementController.php(37): App\Modules\Element\Services\ElementService->createElement('eyJ0eXAiOiJKV1Q...', 5, Array)
#1 /var/www/html/routes/modules/omamori.php(50): App\Modules\Element\Controllers\ElementController->store(Object(App\Core\Request))
#2 /var/www/html/app/Core/Router.php(111): App\Core\Application->{closure}(Object(App\Core\Request))
#3 /var/www/html/app/Core/Router.php(100): App\Core\Router->handleRoute(Object(Closure), Object(App\Core\Request))
#4 /var/www/html/app/Core/Application.php(47): App\Core\Router->dispatch(Object(App\Core\Request))
#5 /var/www/html/public/index.php(7): App\Core\Application->run()
#6 {main}

[2026-02-23 20:31:58] RuntimeException: Invalid asset_key in /var/www/html/app/Modules/Element/Services/ElementService.php:65
Stack trace:
#0 /var/www/html/app/Modules/Element/Controllers/ElementController.php(37): App\Modules\Element\Services\ElementService->createElement('eyJ0eXAiOiJKV1Q...', 5, Array)
#1 /var/www/html/routes/modules/omamori.php(50): App\Modules\Element\Controllers\ElementController->store(Object(App\Core\Request))
#2 /var/www/html/app/Core/Router.php(111): App\Core\Application->{closure}(Object(App\Core\Request))
#3 /var/www/html/app/Core/Router.php(100): App\Core\Router->handleRoute(Object(Closure), Object(App\Core\Request))
#4 /var/www/html/app/Core/Application.php(47): App\Core\Router->dispatch(Object(App\Core\Request))
#5 /var/www/html/public/index.php(7): App\Core\Application->run()
#6 {main}

[2026-02-23 20:42:37] RuntimeException: Omamori not found or not allowed in /var/www/html/app/Modules/Element/Services/ElementService.php:37
Stack trace:
#0 /var/www/html/app/Modules/Element/Controllers/ElementController.php(37): App\Modules\Element\Services\ElementService->createElement('eyJ0eXAiOiJKV1Q...', 7, Array)
#1 /var/www/html/routes/modules/omamori.php(50): App\Modules\Element\Controllers\ElementController->store(Object(App\Core\Request))
#2 /var/www/html/app/Core/Router.php(111): App\Core\Application->{closure}(Object(App\Core\Request))
#3 /var/www/html/app/Core/Router.php(100): App\Core\Router->handleRoute(Object(Closure), Object(App\Core\Request))
#4 /var/www/html/app/Core/Application.php(47): App\Core\Router->dispatch(Object(App\Core\Request))
#5 /var/www/html/public/index.php(7): App\Core\Application->run()
#6 {main}

[2026-02-23 21:28:12] RuntimeException: Omamori not found or not allowed in /var/www/html/app/Modules/Element/Services/ElementService.php:37
Stack trace:
#0 /var/www/html/app/Modules/Element/Controllers/ElementController.php(37): App\Modules\Element\Services\ElementService->createElement('eyJ0eXAiOiJKV1Q...', 7, Array)
#1 /var/www/html/routes/modules/omamori.php(50): App\Modules\Element\Controllers\ElementController->store(Object(App\Core\Request))
#2 /var/www/html/app/Core/Router.php(111): App\Core\Application->{closure}(Object(App\Core\Request))
#3 /var/www/html/app/Core/Router.php(100): App\Core\Router->handleRoute(Object(Closure), Object(App\Core\Request))
#4 /var/www/html/app/Core/Application.php(47): App\Core\Router->dispatch(Object(App\Core\Request))
#5 /var/www/html/public/index.php(7): App\Core\Application->run()
#6 {main}

[2026-02-23 21:28:22] Firebase\JWT\ExpiredException: Expired token in /var/www/html/vendor/firebase/php-jwt/src/JWT.php:188
Stack trace:
#0 /var/www/html/app/Modules/Auth/Services/AuthService.php(23): Firebase\JWT\JWT::decode('eyJ0eXAiOiJKV1Q...', Object(SensitiveParameterValue))
#1 /var/www/html/app/Modules/Element/Services/ElementService.php(32): App\Modules\Auth\Services\AuthService->verifyAndGetUserId('eyJ0eXAiOiJKV1Q...')
#2 /var/www/html/app/Modules/Element/Controllers/ElementController.php(37): App\Modules\Element\Services\ElementService->createElement('eyJ0eXAiOiJKV1Q...', 5, Array)
#3 /var/www/html/routes/modules/omamori.php(50): App\Modules\Element\Controllers\ElementController->store(Object(App\Core\Request))
#4 /var/www/html/app/Core/Router.php(111): App\Core\Application->{closure}(Object(App\Core\Request))
#5 /var/www/html/app/Core/Router.php(100): App\Core\Router->handleRoute(Object(Closure), Object(App\Core\Request))
#6 /var/www/html/app/Core/Application.php(47): App\Core\Router->dispatch(Object(App\Core\Request))
#7 /var/www/html/public/index.php(7): App\Core\Application->run()
#8 {main}

[2026-02-23 21:28:48] InvalidArgumentException: Invalid input in /var/www/html/app/Modules/Element/Services/ElementService.php:42
Stack trace:
#0 /var/www/html/app/Modules/Element/Controllers/ElementController.php(37): App\Modules\Element\Services\ElementService->createElement('eyJ0eXAiOiJKV1Q...', 5, Array)
#1 /var/www/html/routes/modules/omamori.php(50): App\Modules\Element\Controllers\ElementController->store(Object(App\Core\Request))
#2 /var/www/html/app/Core/Router.php(111): App\Core\Application->{closure}(Object(App\Core\Request))
#3 /var/www/html/app/Core/Router.php(100): App\Core\Router->handleRoute(Object(Closure), Object(App\Core\Request))
#4 /var/www/html/app/Core/Application.php(47): App\Core\Router->dispatch(Object(App\Core\Request))
#5 /var/www/html/public/index.php(7): App\Core\Application->run()
#6 {main}

[2026-02-23 21:52:24] InvalidArgumentException: fortune_color_id required in /var/www/html/app/Modules/Element/Services/ElementService.php:51
Stack trace:
#0 /var/www/html/app/Modules/Element/Controllers/ElementController.php(37): App\Modules\Element\Services\ElementService->createElement('eyJ0eXAiOiJKV1Q...', 5, Array)
#1 /var/www/html/routes/modules/omamori.php(50): App\Modules\Element\Controllers\ElementController->store(Object(App\Core\Request))
#2 /var/www/html/app/Core/Router.php(111): App\Core\Application->{closure}(Object(App\Core\Request))
#3 /var/www/html/app/Core/Router.php(100): App\Core\Router->handleRoute(Object(Closure), Object(App\Core\Request))
#4 /var/www/html/app/Core/Application.php(47): App\Core\Router->dispatch(Object(App\Core\Request))
#5 /var/www/html/public/index.php(7): App\Core\Application->run()
#6 {main}

