[2026-02-16 19:34:32] Exception: Method register not found in App\Modules\Auth\Controllers\AuthController in /var/www/html/app/Core/Router.php:125
Stack trace:
#0 /var/www/html/app/Core/Router.php(100): App\Core\Router->handleRoute('App\\Modules\\Aut...', Object(App\Core\Request))
#1 /var/www/html/app/Core/Application.php(47): App\Core\Router->dispatch(Object(App\Core\Request))
#2 /var/www/html/public/index.php(7): App\Core\Application->run()
#3 {main}

[2026-02-16 19:52:37] PDOException: SQLSTATE[42703]: Undefined column: 7 ERROR:  column "password_confirmation" of relation "users" does not exist
LINE 1: INSERT INTO users (email, password, password_confirmation, n...
                                            ^ in /var/www/html/app/Core/Database.php:54
Stack trace:
#0 /var/www/html/app/Core/Database.php(54): PDOStatement->execute(Array)
#1 /var/www/html/app/Common/Base/BaseRepository.php(133): App\Core\Database->queryOne('INSERT INTO use...', Array)
#2 /var/www/html/app/Modules/User/Services/UserService.php(36): App\Common\Base\BaseRepository->create(Array)
#3 /var/www/html/app/Modules/Auth/Controllers/AuthController.php(32): App\Modules\User\Services\UserService->createUser(Array)
#4 /var/www/html/app/Core/Router.php(128): App\Modules\Auth\Controllers\AuthController->register(Object(App\Core\Request))
#5 /var/www/html/app/Core/Router.php(100): App\Core\Router->handleRoute('App\\Modules\\Aut...', Object(App\Core\Request))
#6 /var/www/html/app/Core/Application.php(47): App\Core\Router->dispatch(Object(App\Core\Request))
#7 /var/www/html/public/index.php(7): App\Core\Application->run()
#8 {main}

[2026-02-16 22:16:25] DomainException: Provided key is too short in /var/www/html/vendor/firebase/php-jwt/src/JWT.php:709
Stack trace:
#0 /var/www/html/vendor/firebase/php-jwt/src/JWT.php(264): Firebase\JWT\JWT::validateHmacKeyLength('super-secret-ke...', 'SHA256')
#1 /var/www/html/vendor/firebase/php-jwt/src/JWT.php(232): Firebase\JWT\JWT::sign('eyJ0eXAiOiJKV1Q...', Object(SensitiveParameterValue), 'HS256')
#2 /var/www/html/app/Modules/Auth/Services/AuthService.php(18): Firebase\JWT\JWT::encode(Array, Object(SensitiveParameterValue), 'HS256')
#3 /var/www/html/app/Modules/Auth/Controllers/AuthController.php(66): App\Modules\Auth\Services\AuthService->generateToken(1)
#4 /var/www/html/app/Core/Router.php(128): App\Modules\Auth\Controllers\AuthController->login(Object(App\Core\Request))
#5 /var/www/html/app/Core/Router.php(100): App\Core\Router->handleRoute('App\\Modules\\Aut...', Object(App\Core\Request))
#6 /var/www/html/app/Core/Application.php(47): App\Core\Router->dispatch(Object(App\Core\Request))
#7 /var/www/html/public/index.php(7): App\Core\Application->run()
#8 {main}

[2026-02-16 22:37:45] Exception: Method logout not found in App\Modules\Auth\Controllers\AuthController in /var/www/html/app/Core/Router.php:125
Stack trace:
#0 /var/www/html/app/Core/Router.php(100): App\Core\Router->handleRoute('App\\Modules\\Aut...', Object(App\Core\Request))
#1 /var/www/html/app/Core/Application.php(47): App\Core\Router->dispatch(Object(App\Core\Request))
#2 /var/www/html/public/index.php(7): App\Core\Application->run()
#3 {main}

